{"/home/alberto/dev/AlbertoSpinella/des-3des-js/libs/desCbc.js": {"path":"/home/alberto/dev/AlbertoSpinella/des-3des-js/libs/desCbc.js","all":false,"statementMap":{"0":{"start":{"line":1,"column":0},"end":{"line":1,"column":37}},"1":{"start":{"line":2,"column":0},"end":{"line":2,"column":67}},"2":{"start":{"line":3,"column":0},"end":{"line":3,"column":0}},"3":{"start":{"line":4,"column":0},"end":{"line":4,"column":82}},"4":{"start":{"line":5,"column":0},"end":{"line":5,"column":84}},"5":{"start":{"line":6,"column":0},"end":{"line":6,"column":65}},"6":{"start":{"line":7,"column":0},"end":{"line":7,"column":53}},"7":{"start":{"line":8,"column":0},"end":{"line":8,"column":34}},"8":{"start":{"line":9,"column":0},"end":{"line":9,"column":64}},"9":{"start":{"line":10,"column":0},"end":{"line":10,"column":58}},"10":{"start":{"line":11,"column":0},"end":{"line":11,"column":60}},"11":{"start":{"line":12,"column":0},"end":{"line":12,"column":22}},"12":{"start":{"line":13,"column":0},"end":{"line":13,"column":2}},"13":{"start":{"line":14,"column":0},"end":{"line":14,"column":0}},"14":{"start":{"line":15,"column":0},"end":{"line":15,"column":83}},"15":{"start":{"line":16,"column":0},"end":{"line":16,"column":86}},"16":{"start":{"line":17,"column":0},"end":{"line":17,"column":65}},"17":{"start":{"line":18,"column":0},"end":{"line":18,"column":53}},"18":{"start":{"line":19,"column":0},"end":{"line":19,"column":68}},"19":{"start":{"line":20,"column":0},"end":{"line":20,"column":64}},"20":{"start":{"line":21,"column":0},"end":{"line":21,"column":34}},"21":{"start":{"line":22,"column":0},"end":{"line":22,"column":67}},"22":{"start":{"line":23,"column":0},"end":{"line":23,"column":48}},"23":{"start":{"line":24,"column":0},"end":{"line":24,"column":0}},"24":{"start":{"line":25,"column":0},"end":{"line":25,"column":21}},"25":{"start":{"line":26,"column":0},"end":{"line":26,"column":2}},"26":{"start":{"line":27,"column":0},"end":{"line":27,"column":0}},"27":{"start":{"line":28,"column":0},"end":{"line":28,"column":66}},"28":{"start":{"line":29,"column":0},"end":{"line":29,"column":31}},"29":{"start":{"line":30,"column":0},"end":{"line":30,"column":32}},"30":{"start":{"line":31,"column":0},"end":{"line":31,"column":46}},"31":{"start":{"line":32,"column":0},"end":{"line":32,"column":61}},"32":{"start":{"line":33,"column":0},"end":{"line":33,"column":49}},"33":{"start":{"line":34,"column":0},"end":{"line":34,"column":87}},"34":{"start":{"line":35,"column":0},"end":{"line":35,"column":94}},"35":{"start":{"line":36,"column":0},"end":{"line":36,"column":29}},"36":{"start":{"line":37,"column":0},"end":{"line":37,"column":47}},"37":{"start":{"line":38,"column":0},"end":{"line":38,"column":5}},"38":{"start":{"line":39,"column":0},"end":{"line":39,"column":49}},"39":{"start":{"line":40,"column":0},"end":{"line":40,"column":22}},"40":{"start":{"line":41,"column":0},"end":{"line":41,"column":2}},"41":{"start":{"line":42,"column":0},"end":{"line":42,"column":0}},"42":{"start":{"line":43,"column":0},"end":{"line":43,"column":67}},"43":{"start":{"line":44,"column":0},"end":{"line":44,"column":32}},"44":{"start":{"line":45,"column":0},"end":{"line":45,"column":31}},"45":{"start":{"line":46,"column":0},"end":{"line":46,"column":47}},"46":{"start":{"line":47,"column":0},"end":{"line":47,"column":63}},"47":{"start":{"line":48,"column":0},"end":{"line":48,"column":53}},"48":{"start":{"line":49,"column":0},"end":{"line":49,"column":91}},"49":{"start":{"line":50,"column":0},"end":{"line":50,"column":94}},"50":{"start":{"line":51,"column":0},"end":{"line":51,"column":45}},"51":{"start":{"line":52,"column":0},"end":{"line":52,"column":29}},"52":{"start":{"line":53,"column":0},"end":{"line":53,"column":5}},"53":{"start":{"line":54,"column":0},"end":{"line":54,"column":47}},"54":{"start":{"line":55,"column":0},"end":{"line":55,"column":21}},"55":{"start":{"line":56,"column":0},"end":{"line":56,"column":2}}},"s":{"0":1,"1":1,"2":1,"3":1,"4":7,"5":7,"6":5,"7":5,"8":5,"9":5,"10":5,"11":5,"12":5,"13":1,"14":1,"15":6,"16":6,"17":4,"18":4,"19":4,"20":4,"21":4,"22":4,"23":4,"24":4,"25":4,"26":1,"27":1,"28":2,"29":2,"30":2,"31":2,"32":2,"33":4,"34":4,"35":4,"36":4,"37":4,"38":2,"39":2,"40":2,"41":1,"42":1,"43":2,"44":2,"45":2,"46":2,"47":2,"48":4,"49":3,"50":3,"51":3,"52":3,"53":1,"54":1,"55":1},"branchMap":{"0":{"type":"branch","line":4,"loc":{"start":{"line":4,"column":43},"end":{"line":13,"column":2}},"locations":[{"start":{"line":4,"column":43},"end":{"line":13,"column":2}}]},"1":{"type":"branch","line":5,"loc":{"start":{"line":5,"column":37},"end":{"line":5,"column":43}},"locations":[{"start":{"line":5,"column":37},"end":{"line":5,"column":43}}]},"2":{"type":"branch","line":5,"loc":{"start":{"line":5,"column":37},"end":{"line":6,"column":8}},"locations":[{"start":{"line":5,"column":37},"end":{"line":6,"column":8}}]},"3":{"type":"branch","line":6,"loc":{"start":{"line":6,"column":25},"end":{"line":6,"column":31}},"locations":[{"start":{"line":6,"column":25},"end":{"line":6,"column":31}}]},"4":{"type":"branch","line":6,"loc":{"start":{"line":6,"column":25},"end":{"line":13,"column":2}},"locations":[{"start":{"line":6,"column":25},"end":{"line":13,"column":2}}]},"5":{"type":"branch","line":15,"loc":{"start":{"line":15,"column":43},"end":{"line":26,"column":2}},"locations":[{"start":{"line":15,"column":43},"end":{"line":26,"column":2}}]},"6":{"type":"branch","line":16,"loc":{"start":{"line":16,"column":38},"end":{"line":16,"column":44}},"locations":[{"start":{"line":16,"column":38},"end":{"line":16,"column":44}}]},"7":{"type":"branch","line":16,"loc":{"start":{"line":16,"column":38},"end":{"line":17,"column":8}},"locations":[{"start":{"line":16,"column":38},"end":{"line":17,"column":8}}]},"8":{"type":"branch","line":17,"loc":{"start":{"line":17,"column":25},"end":{"line":17,"column":31}},"locations":[{"start":{"line":17,"column":25},"end":{"line":17,"column":31}}]},"9":{"type":"branch","line":17,"loc":{"start":{"line":17,"column":25},"end":{"line":26,"column":2}},"locations":[{"start":{"line":17,"column":25},"end":{"line":26,"column":2}}]},"10":{"type":"branch","line":28,"loc":{"start":{"line":28,"column":32},"end":{"line":41,"column":2}},"locations":[{"start":{"line":28,"column":32},"end":{"line":41,"column":2}}]},"11":{"type":"branch","line":32,"loc":{"start":{"line":32,"column":8},"end":{"line":32,"column":23}},"locations":[{"start":{"line":32,"column":8},"end":{"line":32,"column":23}}]},"12":{"type":"branch","line":33,"loc":{"start":{"line":33,"column":48},"end":{"line":38,"column":5}},"locations":[{"start":{"line":33,"column":48},"end":{"line":38,"column":5}}]},"13":{"type":"branch","line":34,"loc":{"start":{"line":34,"column":41},"end":{"line":34,"column":55}},"locations":[{"start":{"line":34,"column":41},"end":{"line":34,"column":55}}]},"14":{"type":"branch","line":43,"loc":{"start":{"line":43,"column":32},"end":{"line":56,"column":2}},"locations":[{"start":{"line":43,"column":32},"end":{"line":56,"column":2}}]},"15":{"type":"branch","line":47,"loc":{"start":{"line":47,"column":8},"end":{"line":47,"column":24}},"locations":[{"start":{"line":47,"column":8},"end":{"line":47,"column":24}}]},"16":{"type":"branch","line":48,"loc":{"start":{"line":48,"column":52},"end":{"line":53,"column":5}},"locations":[{"start":{"line":48,"column":52},"end":{"line":53,"column":5}}]},"17":{"type":"branch","line":49,"loc":{"start":{"line":49,"column":42},"end":{"line":49,"column":48}},"locations":[{"start":{"line":49,"column":42},"end":{"line":49,"column":48}}]},"18":{"type":"branch","line":49,"loc":{"start":{"line":49,"column":42},"end":{"line":53,"column":5}},"locations":[{"start":{"line":49,"column":42},"end":{"line":53,"column":5}}]},"19":{"type":"branch","line":54,"loc":{"start":{"line":54,"column":-1},"end":{"line":56,"column":2}},"locations":[{"start":{"line":54,"column":-1},"end":{"line":56,"column":2}}]}},"b":{"0":[7],"1":[1],"2":[6],"3":[1],"4":[5],"5":[6],"6":[1],"7":[5],"8":[1],"9":[4],"10":[2],"11":[4],"12":[4],"13":[1],"14":[2],"15":[4],"16":[4],"17":[1],"18":[3],"19":[1]},"fnMap":{"0":{"name":"desCbcEncryptionSingleBlock","decl":{"start":{"line":4,"column":43},"end":{"line":13,"column":2}},"loc":{"start":{"line":4,"column":43},"end":{"line":13,"column":2}},"line":4},"1":{"name":"desCbcDecryptionSingleBlock","decl":{"start":{"line":15,"column":43},"end":{"line":26,"column":2}},"loc":{"start":{"line":15,"column":43},"end":{"line":26,"column":2}},"line":15},"2":{"name":"desCbcEncryption","decl":{"start":{"line":28,"column":32},"end":{"line":41,"column":2}},"loc":{"start":{"line":28,"column":32},"end":{"line":41,"column":2}},"line":28},"3":{"name":"desCbcDecryption","decl":{"start":{"line":43,"column":32},"end":{"line":56,"column":2}},"loc":{"start":{"line":43,"column":32},"end":{"line":56,"column":2}},"line":43}},"f":{"0":7,"1":6,"2":2,"3":2}}
,"/home/alberto/dev/AlbertoSpinella/des-3des-js/libs/desEcb.js": {"path":"/home/alberto/dev/AlbertoSpinella/des-3des-js/libs/desEcb.js","all":false,"statementMap":{"0":{"start":{"line":1,"column":0},"end":{"line":1,"column":8}},"1":{"start":{"line":2,"column":0},"end":{"line":2,"column":12}},"2":{"start":{"line":3,"column":0},"end":{"line":3,"column":19}},"3":{"start":{"line":4,"column":0},"end":{"line":4,"column":11}},"4":{"start":{"line":5,"column":0},"end":{"line":5,"column":11}},"5":{"start":{"line":6,"column":0},"end":{"line":6,"column":16}},"6":{"start":{"line":7,"column":0},"end":{"line":7,"column":21}},"7":{"start":{"line":8,"column":0},"end":{"line":8,"column":0}},"8":{"start":{"line":9,"column":0},"end":{"line":9,"column":8}},"9":{"start":{"line":10,"column":0},"end":{"line":10,"column":13}},"10":{"start":{"line":11,"column":0},"end":{"line":11,"column":8}},"11":{"start":{"line":12,"column":0},"end":{"line":12,"column":19}},"12":{"start":{"line":13,"column":0},"end":{"line":13,"column":12}},"13":{"start":{"line":14,"column":0},"end":{"line":14,"column":20}},"14":{"start":{"line":15,"column":0},"end":{"line":15,"column":0}},"15":{"start":{"line":16,"column":0},"end":{"line":16,"column":34}},"16":{"start":{"line":17,"column":0},"end":{"line":17,"column":20}},"17":{"start":{"line":18,"column":0},"end":{"line":18,"column":42}},"18":{"start":{"line":19,"column":0},"end":{"line":19,"column":34}},"19":{"start":{"line":20,"column":0},"end":{"line":20,"column":39}},"20":{"start":{"line":21,"column":0},"end":{"line":21,"column":5}},"21":{"start":{"line":22,"column":0},"end":{"line":22,"column":18}},"22":{"start":{"line":23,"column":0},"end":{"line":23,"column":2}},"23":{"start":{"line":24,"column":0},"end":{"line":24,"column":0}},"24":{"start":{"line":25,"column":0},"end":{"line":25,"column":50}},"25":{"start":{"line":26,"column":0},"end":{"line":26,"column":88}},"26":{"start":{"line":27,"column":0},"end":{"line":27,"column":66}},"27":{"start":{"line":28,"column":0},"end":{"line":28,"column":85}},"28":{"start":{"line":29,"column":0},"end":{"line":29,"column":22}},"29":{"start":{"line":30,"column":0},"end":{"line":30,"column":2}},"30":{"start":{"line":31,"column":0},"end":{"line":31,"column":0}},"31":{"start":{"line":32,"column":0},"end":{"line":32,"column":48}},"32":{"start":{"line":33,"column":0},"end":{"line":33,"column":22}},"33":{"start":{"line":34,"column":0},"end":{"line":34,"column":49}},"34":{"start":{"line":35,"column":0},"end":{"line":35,"column":42}},"35":{"start":{"line":36,"column":0},"end":{"line":36,"column":41}},"36":{"start":{"line":37,"column":0},"end":{"line":37,"column":5}},"37":{"start":{"line":38,"column":0},"end":{"line":38,"column":20}},"38":{"start":{"line":39,"column":0},"end":{"line":39,"column":2}},"39":{"start":{"line":40,"column":0},"end":{"line":40,"column":0}},"40":{"start":{"line":41,"column":0},"end":{"line":41,"column":36}},"41":{"start":{"line":42,"column":0},"end":{"line":42,"column":17}},"42":{"start":{"line":43,"column":0},"end":{"line":43,"column":17}},"43":{"start":{"line":44,"column":0},"end":{"line":44,"column":38}},"44":{"start":{"line":45,"column":0},"end":{"line":45,"column":48}},"45":{"start":{"line":46,"column":0},"end":{"line":46,"column":27}},"46":{"start":{"line":47,"column":0},"end":{"line":47,"column":5}},"47":{"start":{"line":48,"column":0},"end":{"line":48,"column":27}},"48":{"start":{"line":49,"column":0},"end":{"line":49,"column":27}},"49":{"start":{"line":50,"column":0},"end":{"line":50,"column":47}},"50":{"start":{"line":51,"column":0},"end":{"line":51,"column":58}},"51":{"start":{"line":52,"column":0},"end":{"line":52,"column":25}},"52":{"start":{"line":53,"column":0},"end":{"line":53,"column":2}},"53":{"start":{"line":54,"column":0},"end":{"line":54,"column":0}},"54":{"start":{"line":55,"column":0},"end":{"line":55,"column":47}},"55":{"start":{"line":56,"column":0},"end":{"line":56,"column":24}},"56":{"start":{"line":57,"column":0},"end":{"line":57,"column":29}},"57":{"start":{"line":58,"column":0},"end":{"line":58,"column":24}},"58":{"start":{"line":59,"column":0},"end":{"line":59,"column":33}},"59":{"start":{"line":60,"column":0},"end":{"line":60,"column":50}},"60":{"start":{"line":61,"column":0},"end":{"line":61,"column":9}},"61":{"start":{"line":62,"column":0},"end":{"line":62,"column":41}},"62":{"start":{"line":63,"column":0},"end":{"line":63,"column":5}},"63":{"start":{"line":64,"column":0},"end":{"line":64,"column":22}},"64":{"start":{"line":65,"column":0},"end":{"line":65,"column":2}},"65":{"start":{"line":66,"column":0},"end":{"line":66,"column":0}},"66":{"start":{"line":67,"column":0},"end":{"line":67,"column":41}},"67":{"start":{"line":68,"column":0},"end":{"line":68,"column":20}},"68":{"start":{"line":69,"column":0},"end":{"line":69,"column":41}},"69":{"start":{"line":70,"column":0},"end":{"line":70,"column":34}},"70":{"start":{"line":71,"column":0},"end":{"line":71,"column":38}},"71":{"start":{"line":72,"column":0},"end":{"line":72,"column":5}},"72":{"start":{"line":73,"column":0},"end":{"line":73,"column":18}},"73":{"start":{"line":74,"column":0},"end":{"line":74,"column":2}},"74":{"start":{"line":75,"column":0},"end":{"line":75,"column":0}},"75":{"start":{"line":76,"column":0},"end":{"line":76,"column":45}},"76":{"start":{"line":77,"column":0},"end":{"line":77,"column":57}},"77":{"start":{"line":78,"column":0},"end":{"line":78,"column":52}},"78":{"start":{"line":79,"column":0},"end":{"line":79,"column":46}},"79":{"start":{"line":80,"column":0},"end":{"line":80,"column":43}},"80":{"start":{"line":81,"column":0},"end":{"line":81,"column":21}},"81":{"start":{"line":82,"column":0},"end":{"line":82,"column":2}},"82":{"start":{"line":83,"column":0},"end":{"line":83,"column":0}},"83":{"start":{"line":84,"column":0},"end":{"line":84,"column":59}},"84":{"start":{"line":85,"column":0},"end":{"line":85,"column":22}},"85":{"start":{"line":86,"column":0},"end":{"line":86,"column":22}},"86":{"start":{"line":87,"column":0},"end":{"line":87,"column":20}},"87":{"start":{"line":88,"column":0},"end":{"line":88,"column":20}},"88":{"start":{"line":89,"column":0},"end":{"line":89,"column":42}},"89":{"start":{"line":90,"column":0},"end":{"line":90,"column":27}},"90":{"start":{"line":91,"column":0},"end":{"line":91,"column":35}},"91":{"start":{"line":92,"column":0},"end":{"line":92,"column":77}},"92":{"start":{"line":93,"column":0},"end":{"line":93,"column":58}},"93":{"start":{"line":94,"column":0},"end":{"line":94,"column":32}},"94":{"start":{"line":95,"column":0},"end":{"line":95,"column":32}},"95":{"start":{"line":96,"column":0},"end":{"line":96,"column":5}},"96":{"start":{"line":97,"column":0},"end":{"line":97,"column":30}},"97":{"start":{"line":98,"column":0},"end":{"line":98,"column":2}},"98":{"start":{"line":99,"column":0},"end":{"line":99,"column":0}},"99":{"start":{"line":100,"column":0},"end":{"line":100,"column":57}},"100":{"start":{"line":101,"column":0},"end":{"line":101,"column":0}},"101":{"start":{"line":102,"column":0},"end":{"line":102,"column":39}},"102":{"start":{"line":103,"column":0},"end":{"line":103,"column":20}},"103":{"start":{"line":104,"column":0},"end":{"line":104,"column":47}},"104":{"start":{"line":105,"column":0},"end":{"line":105,"column":40}},"105":{"start":{"line":106,"column":0},"end":{"line":106,"column":40}},"106":{"start":{"line":107,"column":0},"end":{"line":107,"column":5}},"107":{"start":{"line":108,"column":0},"end":{"line":108,"column":18}},"108":{"start":{"line":109,"column":0},"end":{"line":109,"column":2}},"109":{"start":{"line":110,"column":0},"end":{"line":110,"column":0}},"110":{"start":{"line":111,"column":0},"end":{"line":111,"column":52}},"111":{"start":{"line":112,"column":0},"end":{"line":112,"column":79}},"112":{"start":{"line":113,"column":0},"end":{"line":113,"column":48}},"113":{"start":{"line":114,"column":0},"end":{"line":114,"column":46}},"114":{"start":{"line":115,"column":0},"end":{"line":115,"column":53}},"115":{"start":{"line":116,"column":0},"end":{"line":116,"column":70}},"116":{"start":{"line":117,"column":0},"end":{"line":117,"column":93}},"117":{"start":{"line":118,"column":0},"end":{"line":118,"column":47}},"118":{"start":{"line":119,"column":0},"end":{"line":119,"column":50}},"119":{"start":{"line":120,"column":0},"end":{"line":120,"column":22}},"120":{"start":{"line":121,"column":0},"end":{"line":121,"column":2}}},"s":{"0":1,"1":1,"2":1,"3":1,"4":1,"5":1,"6":1,"7":1,"8":1,"9":1,"10":1,"11":1,"12":1,"13":1,"14":1,"15":1,"16":2,"17":2,"18":128,"19":128,"20":128,"21":2,"22":2,"23":1,"24":1,"25":3,"26":2,"27":2,"28":2,"29":2,"30":1,"31":1,"32":34,"33":34,"34":1632,"35":1632,"36":1632,"37":34,"38":34,"39":1,"40":1,"41":272,"42":272,"43":272,"44":1632,"45":1632,"46":1632,"47":272,"48":272,"49":272,"50":272,"51":272,"52":272,"53":1,"54":1,"55":34,"56":34,"57":272,"58":272,"59":1632,"60":1632,"61":272,"62":272,"63":34,"64":34,"65":1,"66":1,"67":34,"68":34,"69":1088,"70":1088,"71":1088,"72":34,"73":34,"74":1,"75":1,"76":33,"77":33,"78":33,"79":33,"80":33,"81":33,"82":1,"83":1,"84":2,"85":2,"86":2,"87":2,"88":2,"89":32,"90":32,"91":32,"92":32,"93":32,"94":32,"95":32,"96":2,"97":2,"98":1,"99":1,"100":1,"101":1,"102":2,"103":2,"104":128,"105":128,"106":128,"107":2,"108":2,"109":1,"110":1,"111":2,"112":1,"113":1,"114":1,"115":1,"116":1,"117":1,"118":1,"119":1,"120":1},"branchMap":{"0":{"type":"branch","line":16,"loc":{"start":{"line":16,"column":19},"end":{"line":23,"column":2}},"locations":[{"start":{"line":16,"column":19},"end":{"line":23,"column":2}}]},"1":{"type":"branch","line":18,"loc":{"start":{"line":18,"column":41},"end":{"line":21,"column":5}},"locations":[{"start":{"line":18,"column":41},"end":{"line":21,"column":5}}]},"2":{"type":"branch","line":25,"loc":{"start":{"line":25,"column":31},"end":{"line":30,"column":2}},"locations":[{"start":{"line":25,"column":31},"end":{"line":30,"column":2}}]},"3":{"type":"branch","line":26,"loc":{"start":{"line":26,"column":36},"end":{"line":26,"column":42}},"locations":[{"start":{"line":26,"column":36},"end":{"line":26,"column":42}}]},"4":{"type":"branch","line":26,"loc":{"start":{"line":26,"column":36},"end":{"line":30,"column":2}},"locations":[{"start":{"line":26,"column":36},"end":{"line":30,"column":2}}]},"5":{"type":"branch","line":32,"loc":{"start":{"line":32,"column":33},"end":{"line":39,"column":2}},"locations":[{"start":{"line":32,"column":33},"end":{"line":39,"column":2}}]},"6":{"type":"branch","line":34,"loc":{"start":{"line":34,"column":48},"end":{"line":37,"column":5}},"locations":[{"start":{"line":34,"column":48},"end":{"line":37,"column":5}}]},"7":{"type":"branch","line":41,"loc":{"start":{"line":41,"column":23},"end":{"line":53,"column":2}},"locations":[{"start":{"line":41,"column":23},"end":{"line":53,"column":2}}]},"8":{"type":"branch","line":44,"loc":{"start":{"line":44,"column":37},"end":{"line":47,"column":5}},"locations":[{"start":{"line":44,"column":37},"end":{"line":47,"column":5}}]},"9":{"type":"branch","line":45,"loc":{"start":{"line":45,"column":12},"end":{"line":45,"column":34}},"locations":[{"start":{"line":45,"column":12},"end":{"line":45,"column":34}}]},"10":{"type":"branch","line":45,"loc":{"start":{"line":45,"column":34},"end":{"line":45,"column":37}},"locations":[{"start":{"line":45,"column":34},"end":{"line":45,"column":37}}]},"11":{"type":"branch","line":45,"loc":{"start":{"line":45,"column":8},"end":{"line":46,"column":16}},"locations":[{"start":{"line":45,"column":8},"end":{"line":46,"column":16}}]},"12":{"type":"branch","line":55,"loc":{"start":{"line":55,"column":29},"end":{"line":65,"column":2}},"locations":[{"start":{"line":55,"column":29},"end":{"line":65,"column":2}}]},"13":{"type":"branch","line":57,"loc":{"start":{"line":57,"column":28},"end":{"line":63,"column":5}},"locations":[{"start":{"line":57,"column":28},"end":{"line":63,"column":5}}]},"14":{"type":"branch","line":59,"loc":{"start":{"line":59,"column":32},"end":{"line":61,"column":9}},"locations":[{"start":{"line":59,"column":32},"end":{"line":61,"column":9}}]},"15":{"type":"branch","line":67,"loc":{"start":{"line":67,"column":29},"end":{"line":74,"column":2}},"locations":[{"start":{"line":67,"column":29},"end":{"line":74,"column":2}}]},"16":{"type":"branch","line":69,"loc":{"start":{"line":69,"column":40},"end":{"line":72,"column":5}},"locations":[{"start":{"line":69,"column":40},"end":{"line":72,"column":5}}]},"17":{"type":"branch","line":76,"loc":{"start":{"line":76,"column":23},"end":{"line":82,"column":2}},"locations":[{"start":{"line":76,"column":23},"end":{"line":82,"column":2}}]},"18":{"type":"branch","line":84,"loc":{"start":{"line":84,"column":32},"end":{"line":98,"column":2}},"locations":[{"start":{"line":84,"column":32},"end":{"line":98,"column":2}}]},"19":{"type":"branch","line":89,"loc":{"start":{"line":89,"column":41},"end":{"line":96,"column":5}},"locations":[{"start":{"line":89,"column":41},"end":{"line":96,"column":5}}]},"20":{"type":"branch","line":100,"loc":{"start":{"line":100,"column":33},"end":{"line":100,"column":57}},"locations":[{"start":{"line":100,"column":33},"end":{"line":100,"column":57}}]},"21":{"type":"branch","line":102,"loc":{"start":{"line":102,"column":24},"end":{"line":109,"column":2}},"locations":[{"start":{"line":102,"column":24},"end":{"line":109,"column":2}}]},"22":{"type":"branch","line":104,"loc":{"start":{"line":104,"column":46},"end":{"line":107,"column":5}},"locations":[{"start":{"line":104,"column":46},"end":{"line":107,"column":5}}]},"23":{"type":"branch","line":111,"loc":{"start":{"line":111,"column":22},"end":{"line":121,"column":2}},"locations":[{"start":{"line":111,"column":22},"end":{"line":121,"column":2}}]},"24":{"type":"branch","line":112,"loc":{"start":{"line":112,"column":32},"end":{"line":121,"column":2}},"locations":[{"start":{"line":112,"column":32},"end":{"line":121,"column":2}}]}},"b":{"0":[2],"1":[128],"2":[3],"3":[1],"4":[2],"5":[34],"6":[1632],"7":[272],"8":[1632],"9":[1360],"10":[544],"11":[1088],"12":[34],"13":[272],"14":[1632],"15":[34],"16":[1088],"17":[33],"18":[2],"19":[32],"20":[2],"21":[2],"22":[128],"23":[2],"24":[1]},"fnMap":{"0":{"name":"IP","decl":{"start":{"line":16,"column":19},"end":{"line":23,"column":2}},"loc":{"start":{"line":16,"column":19},"end":{"line":23,"column":2}},"line":16},"1":{"name":"splitInL0AndR0","decl":{"start":{"line":25,"column":31},"end":{"line":30,"column":2}},"loc":{"start":{"line":25,"column":31},"end":{"line":30,"column":2}},"line":25},"2":{"name":"feistelExpansion","decl":{"start":{"line":32,"column":33},"end":{"line":39,"column":2}},"loc":{"start":{"line":32,"column":33},"end":{"line":39,"column":2}},"line":32},"3":{"name":"findInS","decl":{"start":{"line":41,"column":23},"end":{"line":53,"column":2}},"loc":{"start":{"line":41,"column":23},"end":{"line":53,"column":2}},"line":41},"4":{"name":"sBoxDivision","decl":{"start":{"line":55,"column":29},"end":{"line":65,"column":2}},"loc":{"start":{"line":55,"column":29},"end":{"line":65,"column":2}},"line":55},"5":{"name":"pPermutation","decl":{"start":{"line":67,"column":29},"end":{"line":74,"column":2}},"loc":{"start":{"line":67,"column":29},"end":{"line":74,"column":2}},"line":67},"6":{"name":"feistel","decl":{"start":{"line":76,"column":23},"end":{"line":82,"column":2}},"loc":{"start":{"line":76,"column":23},"end":{"line":82,"column":2}},"line":76},"7":{"name":"encryptionRounds","decl":{"start":{"line":84,"column":32},"end":{"line":98,"column":2}},"loc":{"start":{"line":84,"column":32},"end":{"line":98,"column":2}},"line":84},"8":{"name":"switchAfterRounds","decl":{"start":{"line":100,"column":33},"end":{"line":100,"column":57}},"loc":{"start":{"line":100,"column":33},"end":{"line":100,"column":57}},"line":100},"9":{"name":"IPFinal","decl":{"start":{"line":102,"column":24},"end":{"line":109,"column":2}},"loc":{"start":{"line":102,"column":24},"end":{"line":109,"column":2}},"line":102},"10":{"name":"desEcb","decl":{"start":{"line":111,"column":22},"end":{"line":121,"column":2}},"loc":{"start":{"line":111,"column":22},"end":{"line":121,"column":2}},"line":111}},"f":{"0":2,"1":3,"2":34,"3":272,"4":34,"5":34,"6":33,"7":2,"8":2,"9":2,"10":2}}
,"/home/alberto/dev/AlbertoSpinella/des-3des-js/libs/keySchedulation.js": {"path":"/home/alberto/dev/AlbertoSpinella/des-3des-js/libs/keySchedulation.js","all":false,"statementMap":{"0":{"start":{"line":1,"column":0},"end":{"line":1,"column":8}},"1":{"start":{"line":2,"column":0},"end":{"line":2,"column":10}},"2":{"start":{"line":3,"column":0},"end":{"line":3,"column":13}},"3":{"start":{"line":4,"column":0},"end":{"line":4,"column":9}},"4":{"start":{"line":5,"column":0},"end":{"line":5,"column":21}},"5":{"start":{"line":6,"column":0},"end":{"line":6,"column":0}},"6":{"start":{"line":7,"column":0},"end":{"line":7,"column":38}},"7":{"start":{"line":8,"column":0},"end":{"line":8,"column":0}},"8":{"start":{"line":9,"column":0},"end":{"line":9,"column":29}},"9":{"start":{"line":10,"column":0},"end":{"line":10,"column":17}},"10":{"start":{"line":11,"column":0},"end":{"line":11,"column":40}},"11":{"start":{"line":12,"column":0},"end":{"line":12,"column":30}},"12":{"start":{"line":13,"column":0},"end":{"line":13,"column":29}},"13":{"start":{"line":14,"column":0},"end":{"line":14,"column":2}},"14":{"start":{"line":15,"column":0},"end":{"line":15,"column":15}},"15":{"start":{"line":16,"column":0},"end":{"line":16,"column":2}},"16":{"start":{"line":17,"column":0},"end":{"line":17,"column":0}},"17":{"start":{"line":18,"column":0},"end":{"line":18,"column":52}},"18":{"start":{"line":19,"column":0},"end":{"line":19,"column":87}},"19":{"start":{"line":20,"column":0},"end":{"line":20,"column":73}},"20":{"start":{"line":21,"column":0},"end":{"line":21,"column":19}},"21":{"start":{"line":22,"column":0},"end":{"line":22,"column":19}},"22":{"start":{"line":23,"column":0},"end":{"line":23,"column":22}},"23":{"start":{"line":24,"column":0},"end":{"line":24,"column":22}},"24":{"start":{"line":25,"column":0},"end":{"line":25,"column":43}},"25":{"start":{"line":26,"column":0},"end":{"line":26,"column":35}},"26":{"start":{"line":27,"column":0},"end":{"line":27,"column":35}},"27":{"start":{"line":28,"column":0},"end":{"line":28,"column":40}},"28":{"start":{"line":29,"column":0},"end":{"line":29,"column":44}},"29":{"start":{"line":30,"column":0},"end":{"line":30,"column":68}},"30":{"start":{"line":31,"column":0},"end":{"line":31,"column":68}},"31":{"start":{"line":32,"column":0},"end":{"line":32,"column":2}},"32":{"start":{"line":33,"column":0},"end":{"line":33,"column":27}},"33":{"start":{"line":34,"column":0},"end":{"line":34,"column":2}},"34":{"start":{"line":35,"column":0},"end":{"line":35,"column":0}},"35":{"start":{"line":36,"column":0},"end":{"line":36,"column":40}},"36":{"start":{"line":37,"column":0},"end":{"line":37,"column":26}},"37":{"start":{"line":38,"column":0},"end":{"line":38,"column":92}},"38":{"start":{"line":39,"column":0},"end":{"line":39,"column":80}},"39":{"start":{"line":40,"column":0},"end":{"line":40,"column":38}},"40":{"start":{"line":41,"column":0},"end":{"line":41,"column":18}},"41":{"start":{"line":42,"column":0},"end":{"line":42,"column":42}},"42":{"start":{"line":43,"column":0},"end":{"line":43,"column":41}},"43":{"start":{"line":44,"column":0},"end":{"line":44,"column":32}},"44":{"start":{"line":45,"column":0},"end":{"line":45,"column":34}},"45":{"start":{"line":46,"column":0},"end":{"line":46,"column":3}},"46":{"start":{"line":47,"column":0},"end":{"line":47,"column":29}},"47":{"start":{"line":48,"column":0},"end":{"line":48,"column":2}},"48":{"start":{"line":49,"column":0},"end":{"line":49,"column":22}},"49":{"start":{"line":50,"column":0},"end":{"line":50,"column":2}},"50":{"start":{"line":51,"column":0},"end":{"line":51,"column":0}},"51":{"start":{"line":52,"column":0},"end":{"line":52,"column":41}},"52":{"start":{"line":53,"column":0},"end":{"line":53,"column":64}},"53":{"start":{"line":54,"column":0},"end":{"line":54,"column":36}},"54":{"start":{"line":55,"column":0},"end":{"line":55,"column":40}},"55":{"start":{"line":56,"column":0},"end":{"line":56,"column":69}},"56":{"start":{"line":57,"column":0},"end":{"line":57,"column":87}},"57":{"start":{"line":58,"column":0},"end":{"line":58,"column":63}},"58":{"start":{"line":59,"column":0},"end":{"line":59,"column":46}},"59":{"start":{"line":60,"column":0},"end":{"line":60,"column":25}},"60":{"start":{"line":61,"column":0},"end":{"line":61,"column":2}}},"s":{"0":1,"1":1,"2":1,"3":1,"4":1,"5":1,"6":1,"7":1,"8":1,"9":2,"10":2,"11":112,"12":112,"13":112,"14":2,"15":2,"16":1,"17":1,"18":4,"19":4,"20":2,"21":2,"22":2,"23":2,"24":4,"25":32,"26":32,"27":32,"28":32,"29":32,"30":32,"31":32,"32":2,"33":2,"34":1,"35":1,"36":4,"37":4,"38":4,"39":4,"40":32,"41":32,"42":32,"43":1536,"44":1536,"45":1536,"46":32,"47":32,"48":2,"49":2,"50":1,"51":1,"52":2,"53":1,"54":1,"55":1,"56":1,"57":1,"58":1,"59":1,"60":1},"branchMap":{"0":{"type":"branch","line":9,"loc":{"start":{"line":9,"column":20},"end":{"line":16,"column":2}},"locations":[{"start":{"line":9,"column":20},"end":{"line":16,"column":2}}]},"1":{"type":"branch","line":11,"loc":{"start":{"line":11,"column":39},"end":{"line":14,"column":2}},"locations":[{"start":{"line":11,"column":39},"end":{"line":14,"column":2}}]},"2":{"type":"branch","line":18,"loc":{"start":{"line":18,"column":29},"end":{"line":34,"column":2}},"locations":[{"start":{"line":18,"column":29},"end":{"line":34,"column":2}}]},"3":{"type":"branch","line":19,"loc":{"start":{"line":19,"column":39},"end":{"line":19,"column":45}},"locations":[{"start":{"line":19,"column":39},"end":{"line":19,"column":45}}]},"4":{"type":"branch","line":19,"loc":{"start":{"line":19,"column":39},"end":{"line":20,"column":5}},"locations":[{"start":{"line":19,"column":39},"end":{"line":20,"column":5}}]},"5":{"type":"branch","line":20,"loc":{"start":{"line":20,"column":27},"end":{"line":20,"column":33}},"locations":[{"start":{"line":20,"column":27},"end":{"line":20,"column":33}}]},"6":{"type":"branch","line":20,"loc":{"start":{"line":20,"column":27},"end":{"line":25,"column":6}},"locations":[{"start":{"line":20,"column":27},"end":{"line":25,"column":6}}]},"7":{"type":"branch","line":25,"loc":{"start":{"line":25,"column":42},"end":{"line":32,"column":2}},"locations":[{"start":{"line":25,"column":42},"end":{"line":32,"column":2}}]},"8":{"type":"branch","line":33,"loc":{"start":{"line":33,"column":-1},"end":{"line":34,"column":2}},"locations":[{"start":{"line":33,"column":-1},"end":{"line":34,"column":2}}]},"9":{"type":"branch","line":36,"loc":{"start":{"line":36,"column":19},"end":{"line":50,"column":2}},"locations":[{"start":{"line":36,"column":19},"end":{"line":50,"column":2}}]},"10":{"type":"branch","line":38,"loc":{"start":{"line":38,"column":37},"end":{"line":38,"column":43}},"locations":[{"start":{"line":38,"column":37},"end":{"line":38,"column":43}}]},"11":{"type":"branch","line":38,"loc":{"start":{"line":38,"column":37},"end":{"line":39,"column":5}},"locations":[{"start":{"line":38,"column":37},"end":{"line":39,"column":5}}]},"12":{"type":"branch","line":39,"loc":{"start":{"line":39,"column":26},"end":{"line":39,"column":32}},"locations":[{"start":{"line":39,"column":26},"end":{"line":39,"column":32}}]},"13":{"type":"branch","line":39,"loc":{"start":{"line":39,"column":26},"end":{"line":40,"column":6}},"locations":[{"start":{"line":39,"column":26},"end":{"line":40,"column":6}}]},"14":{"type":"branch","line":40,"loc":{"start":{"line":40,"column":37},"end":{"line":48,"column":2}},"locations":[{"start":{"line":40,"column":37},"end":{"line":48,"column":2}}]},"15":{"type":"branch","line":43,"loc":{"start":{"line":43,"column":40},"end":{"line":46,"column":3}},"locations":[{"start":{"line":43,"column":40},"end":{"line":46,"column":3}}]},"16":{"type":"branch","line":49,"loc":{"start":{"line":49,"column":-1},"end":{"line":50,"column":2}},"locations":[{"start":{"line":49,"column":-1},"end":{"line":50,"column":2}}]},"17":{"type":"branch","line":52,"loc":{"start":{"line":52,"column":32},"end":{"line":61,"column":2}},"locations":[{"start":{"line":52,"column":32},"end":{"line":61,"column":2}}]},"18":{"type":"branch","line":53,"loc":{"start":{"line":53,"column":23},"end":{"line":61,"column":2}},"locations":[{"start":{"line":53,"column":23},"end":{"line":61,"column":2}}]}},"b":{"0":[2],"1":[112],"2":[4],"3":[1],"4":[3],"5":[1],"6":[2],"7":[32],"8":[2],"9":[4],"10":[1],"11":[3],"12":[1],"13":[2],"14":[32],"15":[1536],"16":[2],"17":[2],"18":[1]},"fnMap":{"0":{"name":"PC1","decl":{"start":{"line":9,"column":20},"end":{"line":16,"column":2}},"loc":{"start":{"line":9,"column":20},"end":{"line":16,"column":2}},"line":9},"1":{"name":"shiftAfterPC1","decl":{"start":{"line":18,"column":29},"end":{"line":34,"column":2}},"loc":{"start":{"line":18,"column":29},"end":{"line":34,"column":2}},"line":18},"2":{"name":"PC2","decl":{"start":{"line":36,"column":19},"end":{"line":50,"column":2}},"loc":{"start":{"line":36,"column":19},"end":{"line":50,"column":2}},"line":36},"3":{"name":"keySchedulation","decl":{"start":{"line":52,"column":32},"end":{"line":61,"column":2}},"loc":{"start":{"line":52,"column":32},"end":{"line":61,"column":2}},"line":52}},"f":{"0":2,"1":4,"2":4,"3":2}}
,"/home/alberto/dev/AlbertoSpinella/des-3des-js/libs/tables.js": {"path":"/home/alberto/dev/AlbertoSpinella/des-3des-js/libs/tables.js","all":false,"statementMap":{"0":{"start":{"line":1,"column":0},"end":{"line":1,"column":25}},"1":{"start":{"line":2,"column":0},"end":{"line":2,"column":24}},"2":{"start":{"line":3,"column":0},"end":{"line":3,"column":24}},"3":{"start":{"line":4,"column":0},"end":{"line":4,"column":24}},"4":{"start":{"line":5,"column":0},"end":{"line":5,"column":24}},"5":{"start":{"line":6,"column":0},"end":{"line":6,"column":25}},"6":{"start":{"line":7,"column":0},"end":{"line":7,"column":24}},"7":{"start":{"line":8,"column":0},"end":{"line":8,"column":24}},"8":{"start":{"line":9,"column":0},"end":{"line":9,"column":22}},"9":{"start":{"line":10,"column":0},"end":{"line":10,"column":2}},"10":{"start":{"line":11,"column":0},"end":{"line":11,"column":0}},"11":{"start":{"line":12,"column":0},"end":{"line":12,"column":61}},"12":{"start":{"line":13,"column":0},"end":{"line":13,"column":0}},"13":{"start":{"line":14,"column":0},"end":{"line":14,"column":25}},"14":{"start":{"line":15,"column":0},"end":{"line":15,"column":20}},"15":{"start":{"line":16,"column":0},"end":{"line":16,"column":20}},"16":{"start":{"line":17,"column":0},"end":{"line":17,"column":20}},"17":{"start":{"line":18,"column":0},"end":{"line":18,"column":20}},"18":{"start":{"line":19,"column":0},"end":{"line":19,"column":22}},"19":{"start":{"line":20,"column":0},"end":{"line":20,"column":22}},"20":{"start":{"line":21,"column":0},"end":{"line":21,"column":22}},"21":{"start":{"line":22,"column":0},"end":{"line":22,"column":21}},"22":{"start":{"line":23,"column":0},"end":{"line":23,"column":2}},"23":{"start":{"line":24,"column":0},"end":{"line":24,"column":0}},"24":{"start":{"line":25,"column":0},"end":{"line":25,"column":24}},"25":{"start":{"line":26,"column":0},"end":{"line":26,"column":27}},"26":{"start":{"line":27,"column":0},"end":{"line":27,"column":27}},"27":{"start":{"line":28,"column":0},"end":{"line":28,"column":27}},"28":{"start":{"line":29,"column":0},"end":{"line":29,"column":27}},"29":{"start":{"line":30,"column":0},"end":{"line":30,"column":26}},"30":{"start":{"line":31,"column":0},"end":{"line":31,"column":27}},"31":{"start":{"line":32,"column":0},"end":{"line":32,"column":27}},"32":{"start":{"line":33,"column":0},"end":{"line":33,"column":26}},"33":{"start":{"line":34,"column":0},"end":{"line":34,"column":2}},"34":{"start":{"line":35,"column":0},"end":{"line":35,"column":0}},"35":{"start":{"line":36,"column":0},"end":{"line":36,"column":31}},"36":{"start":{"line":37,"column":0},"end":{"line":37,"column":17}},"37":{"start":{"line":38,"column":0},"end":{"line":38,"column":16}},"38":{"start":{"line":39,"column":0},"end":{"line":39,"column":20}},"39":{"start":{"line":40,"column":0},"end":{"line":40,"column":22}},"40":{"start":{"line":41,"column":0},"end":{"line":41,"column":22}},"41":{"start":{"line":42,"column":0},"end":{"line":42,"column":22}},"42":{"start":{"line":43,"column":0},"end":{"line":43,"column":22}},"43":{"start":{"line":44,"column":0},"end":{"line":44,"column":20}},"44":{"start":{"line":45,"column":0},"end":{"line":45,"column":2}},"45":{"start":{"line":46,"column":0},"end":{"line":46,"column":0}},"46":{"start":{"line":47,"column":0},"end":{"line":47,"column":23}},"47":{"start":{"line":48,"column":0},"end":{"line":48,"column":15}},"48":{"start":{"line":49,"column":0},"end":{"line":49,"column":48}},"49":{"start":{"line":50,"column":0},"end":{"line":50,"column":48}},"50":{"start":{"line":51,"column":0},"end":{"line":51,"column":48}},"51":{"start":{"line":52,"column":0},"end":{"line":52,"column":47}},"52":{"start":{"line":53,"column":0},"end":{"line":53,"column":6}},"53":{"start":{"line":54,"column":0},"end":{"line":54,"column":15}},"54":{"start":{"line":55,"column":0},"end":{"line":55,"column":48}},"55":{"start":{"line":56,"column":0},"end":{"line":56,"column":48}},"56":{"start":{"line":57,"column":0},"end":{"line":57,"column":48}},"57":{"start":{"line":58,"column":0},"end":{"line":58,"column":47}},"58":{"start":{"line":59,"column":0},"end":{"line":59,"column":6}},"59":{"start":{"line":60,"column":0},"end":{"line":60,"column":15}},"60":{"start":{"line":61,"column":0},"end":{"line":61,"column":48}},"61":{"start":{"line":62,"column":0},"end":{"line":62,"column":48}},"62":{"start":{"line":63,"column":0},"end":{"line":63,"column":48}},"63":{"start":{"line":64,"column":0},"end":{"line":64,"column":47}},"64":{"start":{"line":65,"column":0},"end":{"line":65,"column":6}},"65":{"start":{"line":66,"column":0},"end":{"line":66,"column":15}},"66":{"start":{"line":67,"column":0},"end":{"line":67,"column":48}},"67":{"start":{"line":68,"column":0},"end":{"line":68,"column":48}},"68":{"start":{"line":69,"column":0},"end":{"line":69,"column":48}},"69":{"start":{"line":70,"column":0},"end":{"line":70,"column":47}},"70":{"start":{"line":71,"column":0},"end":{"line":71,"column":6}},"71":{"start":{"line":72,"column":0},"end":{"line":72,"column":15}},"72":{"start":{"line":73,"column":0},"end":{"line":73,"column":48}},"73":{"start":{"line":74,"column":0},"end":{"line":74,"column":48}},"74":{"start":{"line":75,"column":0},"end":{"line":75,"column":48}},"75":{"start":{"line":76,"column":0},"end":{"line":76,"column":47}},"76":{"start":{"line":77,"column":0},"end":{"line":77,"column":6}},"77":{"start":{"line":78,"column":0},"end":{"line":78,"column":15}},"78":{"start":{"line":79,"column":0},"end":{"line":79,"column":48}},"79":{"start":{"line":80,"column":0},"end":{"line":80,"column":48}},"80":{"start":{"line":81,"column":0},"end":{"line":81,"column":48}},"81":{"start":{"line":82,"column":0},"end":{"line":82,"column":47}},"82":{"start":{"line":83,"column":0},"end":{"line":83,"column":6}},"83":{"start":{"line":84,"column":0},"end":{"line":84,"column":15}},"84":{"start":{"line":85,"column":0},"end":{"line":85,"column":48}},"85":{"start":{"line":86,"column":0},"end":{"line":86,"column":48}},"86":{"start":{"line":87,"column":0},"end":{"line":87,"column":48}},"87":{"start":{"line":88,"column":0},"end":{"line":88,"column":47}},"88":{"start":{"line":89,"column":0},"end":{"line":89,"column":6}},"89":{"start":{"line":90,"column":0},"end":{"line":90,"column":15}},"90":{"start":{"line":91,"column":0},"end":{"line":91,"column":48}},"91":{"start":{"line":92,"column":0},"end":{"line":92,"column":48}},"92":{"start":{"line":93,"column":0},"end":{"line":93,"column":48}},"93":{"start":{"line":94,"column":0},"end":{"line":94,"column":47}},"94":{"start":{"line":95,"column":0},"end":{"line":95,"column":5}},"95":{"start":{"line":96,"column":0},"end":{"line":96,"column":2}},"96":{"start":{"line":97,"column":0},"end":{"line":97,"column":0}},"97":{"start":{"line":98,"column":0},"end":{"line":98,"column":23}},"98":{"start":{"line":99,"column":0},"end":{"line":99,"column":15}},"99":{"start":{"line":100,"column":0},"end":{"line":100,"column":16}},"100":{"start":{"line":101,"column":0},"end":{"line":101,"column":15}},"101":{"start":{"line":102,"column":0},"end":{"line":102,"column":15}},"102":{"start":{"line":103,"column":0},"end":{"line":103,"column":14}},"103":{"start":{"line":104,"column":0},"end":{"line":104,"column":14}},"104":{"start":{"line":105,"column":0},"end":{"line":105,"column":15}},"105":{"start":{"line":106,"column":0},"end":{"line":106,"column":14}},"106":{"start":{"line":107,"column":0},"end":{"line":107,"column":2}},"107":{"start":{"line":108,"column":0},"end":{"line":108,"column":0}},"108":{"start":{"line":109,"column":0},"end":{"line":109,"column":29}},"109":{"start":{"line":110,"column":0},"end":{"line":110,"column":27}},"110":{"start":{"line":111,"column":0},"end":{"line":111,"column":27}},"111":{"start":{"line":112,"column":0},"end":{"line":112,"column":27}},"112":{"start":{"line":113,"column":0},"end":{"line":113,"column":27}},"113":{"start":{"line":114,"column":0},"end":{"line":114,"column":27}},"114":{"start":{"line":115,"column":0},"end":{"line":115,"column":27}},"115":{"start":{"line":116,"column":0},"end":{"line":116,"column":27}},"116":{"start":{"line":117,"column":0},"end":{"line":117,"column":25}},"117":{"start":{"line":118,"column":0},"end":{"line":118,"column":2}}},"s":{"0":1,"1":1,"2":1,"3":1,"4":1,"5":1,"6":1,"7":1,"8":1,"9":1,"10":1,"11":1,"12":1,"13":1,"14":1,"15":1,"16":1,"17":1,"18":1,"19":1,"20":1,"21":1,"22":1,"23":1,"24":1,"25":1,"26":1,"27":1,"28":1,"29":1,"30":1,"31":1,"32":1,"33":1,"34":1,"35":1,"36":1,"37":1,"38":1,"39":1,"40":1,"41":1,"42":1,"43":1,"44":1,"45":1,"46":1,"47":1,"48":1,"49":1,"50":1,"51":1,"52":1,"53":1,"54":1,"55":1,"56":1,"57":1,"58":1,"59":1,"60":1,"61":1,"62":1,"63":1,"64":1,"65":1,"66":1,"67":1,"68":1,"69":1,"70":1,"71":1,"72":1,"73":1,"74":1,"75":1,"76":1,"77":1,"78":1,"79":1,"80":1,"81":1,"82":1,"83":1,"84":1,"85":1,"86":1,"87":1,"88":1,"89":1,"90":1,"91":1,"92":1,"93":1,"94":1,"95":1,"96":1,"97":1,"98":1,"99":1,"100":1,"101":1,"102":1,"103":1,"104":1,"105":1,"106":1,"107":1,"108":1,"109":1,"110":1,"111":1,"112":1,"113":1,"114":1,"115":1,"116":1,"117":1},"branchMap":{},"b":{},"fnMap":{},"f":{}}
,"/home/alberto/dev/AlbertoSpinella/des-3des-js/libs/utils.js": {"path":"/home/alberto/dev/AlbertoSpinella/des-3des-js/libs/utils.js","all":false,"statementMap":{"0":{"start":{"line":1,"column":0},"end":{"line":1,"column":34}},"1":{"start":{"line":2,"column":0},"end":{"line":2,"column":17}},"2":{"start":{"line":3,"column":0},"end":{"line":3,"column":35}},"3":{"start":{"line":4,"column":0},"end":{"line":4,"column":62}},"4":{"start":{"line":5,"column":0},"end":{"line":5,"column":2}},"5":{"start":{"line":6,"column":0},"end":{"line":6,"column":15}},"6":{"start":{"line":7,"column":0},"end":{"line":7,"column":2}},"7":{"start":{"line":8,"column":0},"end":{"line":8,"column":0}},"8":{"start":{"line":9,"column":0},"end":{"line":9,"column":40}},"9":{"start":{"line":10,"column":0},"end":{"line":10,"column":71}},"10":{"start":{"line":11,"column":0},"end":{"line":11,"column":14}},"11":{"start":{"line":12,"column":0},"end":{"line":12,"column":14}},"12":{"start":{"line":13,"column":0},"end":{"line":13,"column":30}},"13":{"start":{"line":14,"column":0},"end":{"line":14,"column":50}},"14":{"start":{"line":15,"column":0},"end":{"line":15,"column":14}},"15":{"start":{"line":16,"column":0},"end":{"line":16,"column":2}},"16":{"start":{"line":17,"column":0},"end":{"line":17,"column":12}},"17":{"start":{"line":18,"column":0},"end":{"line":18,"column":2}},"18":{"start":{"line":19,"column":0},"end":{"line":19,"column":0}},"19":{"start":{"line":20,"column":0},"end":{"line":20,"column":30}},"20":{"start":{"line":21,"column":0},"end":{"line":21,"column":70}},"21":{"start":{"line":22,"column":0},"end":{"line":22,"column":17}},"22":{"start":{"line":23,"column":0},"end":{"line":23,"column":31}},"23":{"start":{"line":24,"column":0},"end":{"line":24,"column":24}},"24":{"start":{"line":25,"column":0},"end":{"line":25,"column":15}},"25":{"start":{"line":26,"column":0},"end":{"line":26,"column":2}},"26":{"start":{"line":27,"column":0},"end":{"line":27,"column":0}},"27":{"start":{"line":28,"column":0},"end":{"line":28,"column":43}},"28":{"start":{"line":29,"column":0},"end":{"line":29,"column":33}},"29":{"start":{"line":30,"column":0},"end":{"line":30,"column":72}},"30":{"start":{"line":31,"column":0},"end":{"line":31,"column":49}},"31":{"start":{"line":32,"column":0},"end":{"line":32,"column":15}},"32":{"start":{"line":33,"column":0},"end":{"line":33,"column":2}},"33":{"start":{"line":34,"column":0},"end":{"line":34,"column":0}},"34":{"start":{"line":35,"column":0},"end":{"line":35,"column":37}},"35":{"start":{"line":36,"column":0},"end":{"line":36,"column":17}},"36":{"start":{"line":37,"column":0},"end":{"line":37,"column":85}},"37":{"start":{"line":38,"column":0},"end":{"line":38,"column":39}},"38":{"start":{"line":39,"column":0},"end":{"line":39,"column":66}},"39":{"start":{"line":40,"column":0},"end":{"line":40,"column":31}},"40":{"start":{"line":41,"column":0},"end":{"line":41,"column":2}},"41":{"start":{"line":42,"column":0},"end":{"line":42,"column":15}},"42":{"start":{"line":43,"column":0},"end":{"line":43,"column":2}}},"s":{"0":1,"1":2,"2":2,"3":32,"4":32,"5":2,"6":2,"7":1,"8":1,"9":4,"10":3,"11":3,"12":4,"13":2,"14":2,"15":2,"16":3,"17":3,"18":1,"19":1,"20":67,"21":66,"22":67,"23":67,"24":66,"25":66,"26":1,"27":1,"28":273,"29":273,"30":273,"31":272,"32":272,"33":1,"34":1,"35":2,"36":2,"37":2,"38":16,"39":16,"40":16,"41":1,"42":1},"branchMap":{"0":{"type":"branch","line":1,"loc":{"start":{"line":1,"column":25},"end":{"line":7,"column":2}},"locations":[{"start":{"line":1,"column":25},"end":{"line":7,"column":2}}]},"1":{"type":"branch","line":3,"loc":{"start":{"line":3,"column":34},"end":{"line":5,"column":2}},"locations":[{"start":{"line":3,"column":34},"end":{"line":5,"column":2}}]},"2":{"type":"branch","line":9,"loc":{"start":{"line":9,"column":29},"end":{"line":18,"column":2}},"locations":[{"start":{"line":9,"column":29},"end":{"line":18,"column":2}}]},"3":{"type":"branch","line":10,"loc":{"start":{"line":10,"column":25},"end":{"line":10,"column":31}},"locations":[{"start":{"line":10,"column":25},"end":{"line":10,"column":31}}]},"4":{"type":"branch","line":10,"loc":{"start":{"line":10,"column":25},"end":{"line":13,"column":5}},"locations":[{"start":{"line":10,"column":25},"end":{"line":13,"column":5}}]},"5":{"type":"branch","line":13,"loc":{"start":{"line":13,"column":29},"end":{"line":16,"column":2}},"locations":[{"start":{"line":13,"column":29},"end":{"line":16,"column":2}}]},"6":{"type":"branch","line":17,"loc":{"start":{"line":17,"column":-1},"end":{"line":18,"column":2}},"locations":[{"start":{"line":17,"column":-1},"end":{"line":18,"column":2}}]},"7":{"type":"branch","line":20,"loc":{"start":{"line":20,"column":19},"end":{"line":26,"column":2}},"locations":[{"start":{"line":20,"column":19},"end":{"line":26,"column":2}}]},"8":{"type":"branch","line":21,"loc":{"start":{"line":21,"column":27},"end":{"line":21,"column":33}},"locations":[{"start":{"line":21,"column":27},"end":{"line":21,"column":33}}]},"9":{"type":"branch","line":21,"loc":{"start":{"line":21,"column":27},"end":{"line":23,"column":6}},"locations":[{"start":{"line":21,"column":27},"end":{"line":23,"column":6}}]},"10":{"type":"branch","line":24,"loc":{"start":{"line":24,"column":2},"end":{"line":24,"column":8}},"locations":[{"start":{"line":24,"column":2},"end":{"line":24,"column":8}}]},"11":{"type":"branch","line":24,"loc":{"start":{"line":24,"column":2},"end":{"line":26,"column":2}},"locations":[{"start":{"line":24,"column":2},"end":{"line":26,"column":2}}]},"12":{"type":"branch","line":28,"loc":{"start":{"line":28,"column":31},"end":{"line":33,"column":2}},"locations":[{"start":{"line":28,"column":31},"end":{"line":33,"column":2}}]},"13":{"type":"branch","line":30,"loc":{"start":{"line":30,"column":24},"end":{"line":30,"column":30}},"locations":[{"start":{"line":30,"column":24},"end":{"line":30,"column":30}}]},"14":{"type":"branch","line":30,"loc":{"start":{"line":30,"column":24},"end":{"line":31,"column":8}},"locations":[{"start":{"line":30,"column":24},"end":{"line":31,"column":8}}]},"15":{"type":"branch","line":31,"loc":{"start":{"line":31,"column":27},"end":{"line":31,"column":33}},"locations":[{"start":{"line":31,"column":27},"end":{"line":31,"column":33}}]},"16":{"type":"branch","line":31,"loc":{"start":{"line":31,"column":27},"end":{"line":33,"column":2}},"locations":[{"start":{"line":31,"column":27},"end":{"line":33,"column":2}}]},"17":{"type":"branch","line":35,"loc":{"start":{"line":35,"column":25},"end":{"line":43,"column":2}},"locations":[{"start":{"line":35,"column":25},"end":{"line":43,"column":2}}]},"18":{"type":"branch","line":37,"loc":{"start":{"line":37,"column":29},"end":{"line":38,"column":6}},"locations":[{"start":{"line":37,"column":29},"end":{"line":38,"column":6}}]},"19":{"type":"branch","line":38,"loc":{"start":{"line":38,"column":38},"end":{"line":41,"column":2}},"locations":[{"start":{"line":38,"column":38},"end":{"line":41,"column":2}}]},"20":{"type":"branch","line":42,"loc":{"start":{"line":42,"column":-1},"end":{"line":43,"column":2}},"locations":[{"start":{"line":42,"column":-1},"end":{"line":43,"column":2}}]}},"b":{"0":[2],"1":[32],"2":[4],"3":[1],"4":[3],"5":[2],"6":[3],"7":[67],"8":[1],"9":[66],"10":[2656],"11":[66],"12":[273],"13":[1],"14":[272],"15":[274],"16":[272],"17":[2],"18":[1],"19":[16],"20":[1]},"fnMap":{"0":{"name":"hexToBin","decl":{"start":{"line":1,"column":25},"end":{"line":7,"column":2}},"loc":{"start":{"line":1,"column":25},"end":{"line":7,"column":2}},"line":1},"1":{"name":"padTo16Bytes","decl":{"start":{"line":9,"column":29},"end":{"line":18,"column":2}},"loc":{"start":{"line":9,"column":29},"end":{"line":18,"column":2}},"line":9},"2":{"name":"xor","decl":{"start":{"line":20,"column":19},"end":{"line":26,"column":2}},"loc":{"start":{"line":20,"column":19},"end":{"line":26,"column":2}},"line":20},"3":{"name":"intToBinPadded","decl":{"start":{"line":28,"column":31},"end":{"line":33,"column":2}},"loc":{"start":{"line":28,"column":31},"end":{"line":33,"column":2}},"line":28},"4":{"name":"binToHex","decl":{"start":{"line":35,"column":25},"end":{"line":43,"column":2}},"loc":{"start":{"line":35,"column":25},"end":{"line":43,"column":2}},"line":35}},"f":{"0":2,"1":4,"2":67,"3":273,"4":2}}
,"/home/alberto/dev/AlbertoSpinella/des-3des-js/libs/test/correctness.expectedValues.js": {"path":"/home/alberto/dev/AlbertoSpinella/des-3des-js/libs/test/correctness.expectedValues.js","all":false,"statementMap":{"0":{"start":{"line":1,"column":0},"end":{"line":1,"column":33}},"1":{"start":{"line":2,"column":0},"end":{"line":2,"column":34}},"2":{"start":{"line":3,"column":0},"end":{"line":3,"column":51}},"3":{"start":{"line":4,"column":0},"end":{"line":4,"column":82}},"4":{"start":{"line":5,"column":0},"end":{"line":5,"column":77}},"5":{"start":{"line":6,"column":0},"end":{"line":6,"column":13}},"6":{"start":{"line":7,"column":0},"end":{"line":7,"column":39}},"7":{"start":{"line":8,"column":0},"end":{"line":8,"column":39}},"8":{"start":{"line":9,"column":0},"end":{"line":9,"column":39}},"9":{"start":{"line":10,"column":0},"end":{"line":10,"column":39}},"10":{"start":{"line":11,"column":0},"end":{"line":11,"column":39}},"11":{"start":{"line":12,"column":0},"end":{"line":12,"column":39}},"12":{"start":{"line":13,"column":0},"end":{"line":13,"column":39}},"13":{"start":{"line":14,"column":0},"end":{"line":14,"column":39}},"14":{"start":{"line":15,"column":0},"end":{"line":15,"column":39}},"15":{"start":{"line":16,"column":0},"end":{"line":16,"column":39}},"16":{"start":{"line":17,"column":0},"end":{"line":17,"column":39}},"17":{"start":{"line":18,"column":0},"end":{"line":18,"column":39}},"18":{"start":{"line":19,"column":0},"end":{"line":19,"column":39}},"19":{"start":{"line":20,"column":0},"end":{"line":20,"column":39}},"20":{"start":{"line":21,"column":0},"end":{"line":21,"column":39}},"21":{"start":{"line":22,"column":0},"end":{"line":22,"column":39}},"22":{"start":{"line":23,"column":0},"end":{"line":23,"column":38}},"23":{"start":{"line":24,"column":0},"end":{"line":24,"column":6}},"24":{"start":{"line":25,"column":0},"end":{"line":25,"column":13}},"25":{"start":{"line":26,"column":0},"end":{"line":26,"column":39}},"26":{"start":{"line":27,"column":0},"end":{"line":27,"column":39}},"27":{"start":{"line":28,"column":0},"end":{"line":28,"column":39}},"28":{"start":{"line":29,"column":0},"end":{"line":29,"column":39}},"29":{"start":{"line":30,"column":0},"end":{"line":30,"column":39}},"30":{"start":{"line":31,"column":0},"end":{"line":31,"column":39}},"31":{"start":{"line":32,"column":0},"end":{"line":32,"column":39}},"32":{"start":{"line":33,"column":0},"end":{"line":33,"column":39}},"33":{"start":{"line":34,"column":0},"end":{"line":34,"column":39}},"34":{"start":{"line":35,"column":0},"end":{"line":35,"column":39}},"35":{"start":{"line":36,"column":0},"end":{"line":36,"column":39}},"36":{"start":{"line":37,"column":0},"end":{"line":37,"column":39}},"37":{"start":{"line":38,"column":0},"end":{"line":38,"column":39}},"38":{"start":{"line":39,"column":0},"end":{"line":39,"column":39}},"39":{"start":{"line":40,"column":0},"end":{"line":40,"column":39}},"40":{"start":{"line":41,"column":0},"end":{"line":41,"column":39}},"41":{"start":{"line":42,"column":0},"end":{"line":42,"column":38}},"42":{"start":{"line":43,"column":0},"end":{"line":43,"column":6}},"43":{"start":{"line":44,"column":0},"end":{"line":44,"column":20}},"44":{"start":{"line":45,"column":0},"end":{"line":45,"column":59}},"45":{"start":{"line":46,"column":0},"end":{"line":46,"column":59}},"46":{"start":{"line":47,"column":0},"end":{"line":47,"column":59}},"47":{"start":{"line":48,"column":0},"end":{"line":48,"column":59}},"48":{"start":{"line":49,"column":0},"end":{"line":49,"column":59}},"49":{"start":{"line":50,"column":0},"end":{"line":50,"column":59}},"50":{"start":{"line":51,"column":0},"end":{"line":51,"column":59}},"51":{"start":{"line":52,"column":0},"end":{"line":52,"column":59}},"52":{"start":{"line":53,"column":0},"end":{"line":53,"column":59}},"53":{"start":{"line":54,"column":0},"end":{"line":54,"column":59}},"54":{"start":{"line":55,"column":0},"end":{"line":55,"column":59}},"55":{"start":{"line":56,"column":0},"end":{"line":56,"column":59}},"56":{"start":{"line":57,"column":0},"end":{"line":57,"column":59}},"57":{"start":{"line":58,"column":0},"end":{"line":58,"column":59}},"58":{"start":{"line":59,"column":0},"end":{"line":59,"column":59}},"59":{"start":{"line":60,"column":0},"end":{"line":60,"column":58}},"60":{"start":{"line":61,"column":0},"end":{"line":61,"column":6}},"61":{"start":{"line":62,"column":0},"end":{"line":62,"column":88}},"62":{"start":{"line":63,"column":0},"end":{"line":63,"column":86}},"63":{"start":{"line":64,"column":0},"end":{"line":64,"column":43}},"64":{"start":{"line":65,"column":0},"end":{"line":65,"column":43}},"65":{"start":{"line":66,"column":0},"end":{"line":66,"column":73}},"66":{"start":{"line":67,"column":0},"end":{"line":67,"column":72}},"67":{"start":{"line":68,"column":0},"end":{"line":68,"column":69}},"68":{"start":{"line":69,"column":0},"end":{"line":69,"column":55}},"69":{"start":{"line":70,"column":0},"end":{"line":70,"column":47}},"70":{"start":{"line":71,"column":0},"end":{"line":71,"column":65}},"71":{"start":{"line":72,"column":0},"end":{"line":72,"column":50}},"72":{"start":{"line":73,"column":0},"end":{"line":73,"column":13}},"73":{"start":{"line":74,"column":0},"end":{"line":74,"column":43}},"74":{"start":{"line":75,"column":0},"end":{"line":75,"column":43}},"75":{"start":{"line":76,"column":0},"end":{"line":76,"column":43}},"76":{"start":{"line":77,"column":0},"end":{"line":77,"column":43}},"77":{"start":{"line":78,"column":0},"end":{"line":78,"column":43}},"78":{"start":{"line":79,"column":0},"end":{"line":79,"column":43}},"79":{"start":{"line":80,"column":0},"end":{"line":80,"column":43}},"80":{"start":{"line":81,"column":0},"end":{"line":81,"column":43}},"81":{"start":{"line":82,"column":0},"end":{"line":82,"column":43}},"82":{"start":{"line":83,"column":0},"end":{"line":83,"column":43}},"83":{"start":{"line":84,"column":0},"end":{"line":84,"column":43}},"84":{"start":{"line":85,"column":0},"end":{"line":85,"column":43}},"85":{"start":{"line":86,"column":0},"end":{"line":86,"column":43}},"86":{"start":{"line":87,"column":0},"end":{"line":87,"column":43}},"87":{"start":{"line":88,"column":0},"end":{"line":88,"column":43}},"88":{"start":{"line":89,"column":0},"end":{"line":89,"column":43}},"89":{"start":{"line":90,"column":0},"end":{"line":90,"column":42}},"90":{"start":{"line":91,"column":0},"end":{"line":91,"column":8}},"91":{"start":{"line":92,"column":0},"end":{"line":92,"column":15}},"92":{"start":{"line":93,"column":0},"end":{"line":93,"column":43}},"93":{"start":{"line":94,"column":0},"end":{"line":94,"column":43}},"94":{"start":{"line":95,"column":0},"end":{"line":95,"column":43}},"95":{"start":{"line":96,"column":0},"end":{"line":96,"column":43}},"96":{"start":{"line":97,"column":0},"end":{"line":97,"column":43}},"97":{"start":{"line":98,"column":0},"end":{"line":98,"column":43}},"98":{"start":{"line":99,"column":0},"end":{"line":99,"column":43}},"99":{"start":{"line":100,"column":0},"end":{"line":100,"column":43}},"100":{"start":{"line":101,"column":0},"end":{"line":101,"column":43}},"101":{"start":{"line":102,"column":0},"end":{"line":102,"column":43}},"102":{"start":{"line":103,"column":0},"end":{"line":103,"column":43}},"103":{"start":{"line":104,"column":0},"end":{"line":104,"column":43}},"104":{"start":{"line":105,"column":0},"end":{"line":105,"column":43}},"105":{"start":{"line":106,"column":0},"end":{"line":106,"column":43}},"106":{"start":{"line":107,"column":0},"end":{"line":107,"column":43}},"107":{"start":{"line":108,"column":0},"end":{"line":108,"column":43}},"108":{"start":{"line":109,"column":0},"end":{"line":109,"column":42}},"109":{"start":{"line":110,"column":0},"end":{"line":110,"column":6}},"110":{"start":{"line":111,"column":0},"end":{"line":111,"column":81}},"111":{"start":{"line":112,"column":0},"end":{"line":112,"column":89}},"112":{"start":{"line":113,"column":0},"end":{"line":113,"column":35}},"113":{"start":{"line":114,"column":0},"end":{"line":114,"column":63}},"114":{"start":{"line":115,"column":0},"end":{"line":115,"column":81}},"115":{"start":{"line":116,"column":0},"end":{"line":116,"column":45}},"116":{"start":{"line":117,"column":0},"end":{"line":117,"column":47}},"117":{"start":{"line":118,"column":0},"end":{"line":118,"column":61}},"118":{"start":{"line":119,"column":0},"end":{"line":119,"column":40}},"119":{"start":{"line":120,"column":0},"end":{"line":120,"column":54}},"120":{"start":{"line":121,"column":0},"end":{"line":121,"column":60}},"121":{"start":{"line":122,"column":0},"end":{"line":122,"column":49}},"122":{"start":{"line":123,"column":0},"end":{"line":123,"column":65}},"123":{"start":{"line":124,"column":0},"end":{"line":124,"column":66}},"124":{"start":{"line":125,"column":0},"end":{"line":125,"column":2}}},"s":{"0":1,"1":1,"2":1,"3":1,"4":1,"5":1,"6":1,"7":1,"8":1,"9":1,"10":1,"11":1,"12":1,"13":1,"14":1,"15":1,"16":1,"17":1,"18":1,"19":1,"20":1,"21":1,"22":1,"23":1,"24":1,"25":1,"26":1,"27":1,"28":1,"29":1,"30":1,"31":1,"32":1,"33":1,"34":1,"35":1,"36":1,"37":1,"38":1,"39":1,"40":1,"41":1,"42":1,"43":1,"44":1,"45":1,"46":1,"47":1,"48":1,"49":1,"50":1,"51":1,"52":1,"53":1,"54":1,"55":1,"56":1,"57":1,"58":1,"59":1,"60":1,"61":1,"62":1,"63":1,"64":1,"65":1,"66":1,"67":1,"68":1,"69":1,"70":1,"71":1,"72":1,"73":1,"74":1,"75":1,"76":1,"77":1,"78":1,"79":1,"80":1,"81":1,"82":1,"83":1,"84":1,"85":1,"86":1,"87":1,"88":1,"89":1,"90":1,"91":1,"92":1,"93":1,"94":1,"95":1,"96":1,"97":1,"98":1,"99":1,"100":1,"101":1,"102":1,"103":1,"104":1,"105":1,"106":1,"107":1,"108":1,"109":1,"110":1,"111":1,"112":1,"113":1,"114":1,"115":1,"116":1,"117":1,"118":1,"119":1,"120":1,"121":1,"122":1,"123":1,"124":1},"branchMap":{},"b":{},"fnMap":{},"f":{}}
,"/home/alberto/dev/AlbertoSpinella/des-3des-js/libs/test/correctness.testData.js": {"path":"/home/alberto/dev/AlbertoSpinella/des-3des-js/libs/test/correctness.testData.js","all":false,"statementMap":{"0":{"start":{"line":1,"column":0},"end":{"line":1,"column":25}},"1":{"start":{"line":2,"column":0},"end":{"line":2,"column":28}},"2":{"start":{"line":3,"column":0},"end":{"line":3,"column":29}},"3":{"start":{"line":4,"column":0},"end":{"line":4,"column":31}},"4":{"start":{"line":5,"column":0},"end":{"line":5,"column":44}},"5":{"start":{"line":6,"column":0},"end":{"line":6,"column":44}},"6":{"start":{"line":7,"column":0},"end":{"line":7,"column":34}},"7":{"start":{"line":8,"column":0},"end":{"line":8,"column":35}},"8":{"start":{"line":9,"column":0},"end":{"line":9,"column":37}},"9":{"start":{"line":10,"column":0},"end":{"line":10,"column":27}},"10":{"start":{"line":11,"column":0},"end":{"line":11,"column":52}},"11":{"start":{"line":12,"column":0},"end":{"line":12,"column":2}}},"s":{"0":1,"1":1,"2":1,"3":1,"4":1,"5":1,"6":1,"7":1,"8":1,"9":1,"10":1,"11":1},"branchMap":{},"b":{},"fnMap":{},"f":{}}
}
