TN:
SF:libs/desCbc.js
FN:4,desCbcEncryptionSingleBlock
FN:15,desCbcDecryptionSingleBlock
FN:28,desCbcEncryption
FN:43,desCbcDecryption
FNF:4
FNH:4
FNDA:7,desCbcEncryptionSingleBlock
FNDA:6,desCbcDecryptionSingleBlock
FNDA:2,desCbcEncryption
FNDA:2,desCbcDecryption
DA:1,1
DA:2,1
DA:3,1
DA:4,1
DA:5,7
DA:6,7
DA:7,5
DA:8,5
DA:9,5
DA:10,5
DA:11,5
DA:12,5
DA:13,5
DA:14,1
DA:15,1
DA:16,6
DA:17,6
DA:18,4
DA:19,4
DA:20,4
DA:21,4
DA:22,4
DA:23,4
DA:24,4
DA:25,4
DA:26,4
DA:27,1
DA:28,1
DA:29,2
DA:30,2
DA:31,2
DA:32,2
DA:33,2
DA:34,4
DA:35,4
DA:36,4
DA:37,4
DA:38,4
DA:39,2
DA:40,2
DA:41,2
DA:42,1
DA:43,1
DA:44,2
DA:45,2
DA:46,2
DA:47,2
DA:48,2
DA:49,4
DA:50,3
DA:51,3
DA:52,3
DA:53,3
DA:54,1
DA:55,1
DA:56,1
LF:56
LH:56
BRDA:4,0,0,7
BRDA:5,1,0,1
BRDA:5,2,0,6
BRDA:6,3,0,1
BRDA:6,4,0,5
BRDA:15,5,0,6
BRDA:16,6,0,1
BRDA:16,7,0,5
BRDA:17,8,0,1
BRDA:17,9,0,4
BRDA:28,10,0,2
BRDA:32,11,0,4
BRDA:33,12,0,4
BRDA:34,13,0,1
BRDA:43,14,0,2
BRDA:47,15,0,4
BRDA:48,16,0,4
BRDA:49,17,0,1
BRDA:49,18,0,3
BRDA:54,19,0,1
BRF:20
BRH:20
end_of_record
TN:
SF:libs/desEcb.js
FN:16,IP
FN:25,splitInL0AndR0
FN:32,feistelExpansion
FN:41,findInS
FN:55,sBoxDivision
FN:67,pPermutation
FN:76,feistel
FN:84,encryptionRounds
FN:100,switchAfterRounds
FN:102,IPFinal
FN:111,desEcb
FNF:11
FNH:11
FNDA:2,IP
FNDA:3,splitInL0AndR0
FNDA:34,feistelExpansion
FNDA:272,findInS
FNDA:34,sBoxDivision
FNDA:34,pPermutation
FNDA:33,feistel
FNDA:2,encryptionRounds
FNDA:2,switchAfterRounds
FNDA:2,IPFinal
FNDA:2,desEcb
DA:1,1
DA:2,1
DA:3,1
DA:4,1
DA:5,1
DA:6,1
DA:7,1
DA:8,1
DA:9,1
DA:10,1
DA:11,1
DA:12,1
DA:13,1
DA:14,1
DA:15,1
DA:16,1
DA:17,2
DA:18,2
DA:19,128
DA:20,128
DA:21,128
DA:22,2
DA:23,2
DA:24,1
DA:25,1
DA:26,3
DA:27,2
DA:28,2
DA:29,2
DA:30,2
DA:31,1
DA:32,1
DA:33,34
DA:34,34
DA:35,1632
DA:36,1632
DA:37,1632
DA:38,34
DA:39,34
DA:40,1
DA:41,1
DA:42,272
DA:43,272
DA:44,272
DA:45,1632
DA:46,1632
DA:47,1632
DA:48,272
DA:49,272
DA:50,272
DA:51,272
DA:52,272
DA:53,272
DA:54,1
DA:55,1
DA:56,34
DA:57,34
DA:58,272
DA:59,272
DA:60,1632
DA:61,1632
DA:62,272
DA:63,272
DA:64,34
DA:65,34
DA:66,1
DA:67,1
DA:68,34
DA:69,34
DA:70,1088
DA:71,1088
DA:72,1088
DA:73,34
DA:74,34
DA:75,1
DA:76,1
DA:77,33
DA:78,33
DA:79,33
DA:80,33
DA:81,33
DA:82,33
DA:83,1
DA:84,1
DA:85,2
DA:86,2
DA:87,2
DA:88,2
DA:89,2
DA:90,32
DA:91,32
DA:92,32
DA:93,32
DA:94,32
DA:95,32
DA:96,32
DA:97,2
DA:98,2
DA:99,1
DA:100,1
DA:101,1
DA:102,1
DA:103,2
DA:104,2
DA:105,128
DA:106,128
DA:107,128
DA:108,2
DA:109,2
DA:110,1
DA:111,1
DA:112,2
DA:113,1
DA:114,1
DA:115,1
DA:116,1
DA:117,1
DA:118,1
DA:119,1
DA:120,1
DA:121,1
LF:121
LH:121
BRDA:16,0,0,2
BRDA:18,1,0,128
BRDA:25,2,0,3
BRDA:26,3,0,1
BRDA:26,4,0,2
BRDA:32,5,0,34
BRDA:34,6,0,1632
BRDA:41,7,0,272
BRDA:44,8,0,1632
BRDA:45,9,0,1360
BRDA:45,10,0,544
BRDA:45,11,0,1088
BRDA:55,12,0,34
BRDA:57,13,0,272
BRDA:59,14,0,1632
BRDA:67,15,0,34
BRDA:69,16,0,1088
BRDA:76,17,0,33
BRDA:84,18,0,2
BRDA:89,19,0,32
BRDA:100,20,0,2
BRDA:102,21,0,2
BRDA:104,22,0,128
BRDA:111,23,0,2
BRDA:112,24,0,1
BRF:25
BRH:25
end_of_record
TN:
SF:libs/keySchedulation.js
FN:9,PC1
FN:18,shiftAfterPC1
FN:36,PC2
FN:52,keySchedulation
FNF:4
FNH:4
FNDA:2,PC1
FNDA:4,shiftAfterPC1
FNDA:4,PC2
FNDA:2,keySchedulation
DA:1,1
DA:2,1
DA:3,1
DA:4,1
DA:5,1
DA:6,1
DA:7,1
DA:8,1
DA:9,1
DA:10,2
DA:11,2
DA:12,112
DA:13,112
DA:14,112
DA:15,2
DA:16,2
DA:17,1
DA:18,1
DA:19,4
DA:20,4
DA:21,2
DA:22,2
DA:23,2
DA:24,2
DA:25,4
DA:26,32
DA:27,32
DA:28,32
DA:29,32
DA:30,32
DA:31,32
DA:32,32
DA:33,2
DA:34,2
DA:35,1
DA:36,1
DA:37,4
DA:38,4
DA:39,4
DA:40,4
DA:41,32
DA:42,32
DA:43,32
DA:44,1536
DA:45,1536
DA:46,1536
DA:47,32
DA:48,32
DA:49,2
DA:50,2
DA:51,1
DA:52,1
DA:53,2
DA:54,1
DA:55,1
DA:56,1
DA:57,1
DA:58,1
DA:59,1
DA:60,1
DA:61,1
LF:61
LH:61
BRDA:9,0,0,2
BRDA:11,1,0,112
BRDA:18,2,0,4
BRDA:19,3,0,1
BRDA:19,4,0,3
BRDA:20,5,0,1
BRDA:20,6,0,2
BRDA:25,7,0,32
BRDA:33,8,0,2
BRDA:36,9,0,4
BRDA:38,10,0,1
BRDA:38,11,0,3
BRDA:39,12,0,1
BRDA:39,13,0,2
BRDA:40,14,0,32
BRDA:43,15,0,1536
BRDA:49,16,0,2
BRDA:52,17,0,2
BRDA:53,18,0,1
BRF:19
BRH:19
end_of_record
TN:
SF:libs/tables.js
FNF:0
FNH:0
DA:1,1
DA:2,1
DA:3,1
DA:4,1
DA:5,1
DA:6,1
DA:7,1
DA:8,1
DA:9,1
DA:10,1
DA:11,1
DA:12,1
DA:13,1
DA:14,1
DA:15,1
DA:16,1
DA:17,1
DA:18,1
DA:19,1
DA:20,1
DA:21,1
DA:22,1
DA:23,1
DA:24,1
DA:25,1
DA:26,1
DA:27,1
DA:28,1
DA:29,1
DA:30,1
DA:31,1
DA:32,1
DA:33,1
DA:34,1
DA:35,1
DA:36,1
DA:37,1
DA:38,1
DA:39,1
DA:40,1
DA:41,1
DA:42,1
DA:43,1
DA:44,1
DA:45,1
DA:46,1
DA:47,1
DA:48,1
DA:49,1
DA:50,1
DA:51,1
DA:52,1
DA:53,1
DA:54,1
DA:55,1
DA:56,1
DA:57,1
DA:58,1
DA:59,1
DA:60,1
DA:61,1
DA:62,1
DA:63,1
DA:64,1
DA:65,1
DA:66,1
DA:67,1
DA:68,1
DA:69,1
DA:70,1
DA:71,1
DA:72,1
DA:73,1
DA:74,1
DA:75,1
DA:76,1
DA:77,1
DA:78,1
DA:79,1
DA:80,1
DA:81,1
DA:82,1
DA:83,1
DA:84,1
DA:85,1
DA:86,1
DA:87,1
DA:88,1
DA:89,1
DA:90,1
DA:91,1
DA:92,1
DA:93,1
DA:94,1
DA:95,1
DA:96,1
DA:97,1
DA:98,1
DA:99,1
DA:100,1
DA:101,1
DA:102,1
DA:103,1
DA:104,1
DA:105,1
DA:106,1
DA:107,1
DA:108,1
DA:109,1
DA:110,1
DA:111,1
DA:112,1
DA:113,1
DA:114,1
DA:115,1
DA:116,1
DA:117,1
DA:118,1
LF:118
LH:118
BRF:0
BRH:0
end_of_record
TN:
SF:libs/utils.js
FN:1,hexToBin
FN:9,padTo16Bytes
FN:20,xor
FN:28,intToBinPadded
FN:35,binToHex
FNF:5
FNH:5
FNDA:2,hexToBin
FNDA:4,padTo16Bytes
FNDA:67,xor
FNDA:273,intToBinPadded
FNDA:2,binToHex
DA:1,1
DA:2,2
DA:3,2
DA:4,32
DA:5,32
DA:6,2
DA:7,2
DA:8,1
DA:9,1
DA:10,4
DA:11,3
DA:12,3
DA:13,4
DA:14,2
DA:15,2
DA:16,2
DA:17,3
DA:18,3
DA:19,1
DA:20,1
DA:21,67
DA:22,66
DA:23,67
DA:24,67
DA:25,66
DA:26,66
DA:27,1
DA:28,1
DA:29,273
DA:30,273
DA:31,273
DA:32,272
DA:33,272
DA:34,1
DA:35,1
DA:36,2
DA:37,2
DA:38,2
DA:39,16
DA:40,16
DA:41,16
DA:42,1
DA:43,1
LF:43
LH:43
BRDA:1,0,0,2
BRDA:3,1,0,32
BRDA:9,2,0,4
BRDA:10,3,0,1
BRDA:10,4,0,3
BRDA:13,5,0,2
BRDA:17,6,0,3
BRDA:20,7,0,67
BRDA:21,8,0,1
BRDA:21,9,0,66
BRDA:24,10,0,2656
BRDA:24,11,0,66
BRDA:28,12,0,273
BRDA:30,13,0,1
BRDA:30,14,0,272
BRDA:31,15,0,274
BRDA:31,16,0,272
BRDA:35,17,0,2
BRDA:37,18,0,1
BRDA:38,19,0,16
BRDA:42,20,0,1
BRF:21
BRH:21
end_of_record
TN:
SF:libs/test/correctness.expectedValues.js
FNF:0
FNH:0
DA:1,1
DA:2,1
DA:3,1
DA:4,1
DA:5,1
DA:6,1
DA:7,1
DA:8,1
DA:9,1
DA:10,1
DA:11,1
DA:12,1
DA:13,1
DA:14,1
DA:15,1
DA:16,1
DA:17,1
DA:18,1
DA:19,1
DA:20,1
DA:21,1
DA:22,1
DA:23,1
DA:24,1
DA:25,1
DA:26,1
DA:27,1
DA:28,1
DA:29,1
DA:30,1
DA:31,1
DA:32,1
DA:33,1
DA:34,1
DA:35,1
DA:36,1
DA:37,1
DA:38,1
DA:39,1
DA:40,1
DA:41,1
DA:42,1
DA:43,1
DA:44,1
DA:45,1
DA:46,1
DA:47,1
DA:48,1
DA:49,1
DA:50,1
DA:51,1
DA:52,1
DA:53,1
DA:54,1
DA:55,1
DA:56,1
DA:57,1
DA:58,1
DA:59,1
DA:60,1
DA:61,1
DA:62,1
DA:63,1
DA:64,1
DA:65,1
DA:66,1
DA:67,1
DA:68,1
DA:69,1
DA:70,1
DA:71,1
DA:72,1
DA:73,1
DA:74,1
DA:75,1
DA:76,1
DA:77,1
DA:78,1
DA:79,1
DA:80,1
DA:81,1
DA:82,1
DA:83,1
DA:84,1
DA:85,1
DA:86,1
DA:87,1
DA:88,1
DA:89,1
DA:90,1
DA:91,1
DA:92,1
DA:93,1
DA:94,1
DA:95,1
DA:96,1
DA:97,1
DA:98,1
DA:99,1
DA:100,1
DA:101,1
DA:102,1
DA:103,1
DA:104,1
DA:105,1
DA:106,1
DA:107,1
DA:108,1
DA:109,1
DA:110,1
DA:111,1
DA:112,1
DA:113,1
DA:114,1
DA:115,1
DA:116,1
DA:117,1
DA:118,1
DA:119,1
DA:120,1
DA:121,1
DA:122,1
DA:123,1
DA:124,1
DA:125,1
LF:125
LH:125
BRF:0
BRH:0
end_of_record
TN:
SF:libs/test/correctness.testData.js
FNF:0
FNH:0
DA:1,1
DA:2,1
DA:3,1
DA:4,1
DA:5,1
DA:6,1
DA:7,1
DA:8,1
DA:9,1
DA:10,1
DA:11,1
DA:12,1
LF:12
LH:12
BRF:0
BRH:0
end_of_record
